19-10-2019 00:02:57.105 [main] INFO  c.t.task.SecretSantaApplication.logStarting - Starting SecretSantaApplication on TusharG-PC with PID 6544 (C:\Users\TusharG\git\repository\SecretSanta\target\classes started by TusharG in C:\Users\TusharG\git\repository\SecretSanta)
19-10-2019 00:02:57.160 [main] INFO  c.t.task.SecretSantaApplication.logStartupProfileInfo - No active profile set, falling back to default profiles: default
19-10-2019 00:03:00.094 [main] INFO  o.s.b.w.e.tomcat.TomcatWebServer.initialize - Tomcat initialized with port(s): 8080 (http)
19-10-2019 00:03:00.148 [main] INFO  o.a.catalina.core.StandardService.log - Starting service [Tomcat]
19-10-2019 00:03:00.149 [main] INFO  o.a.catalina.core.StandardEngine.log - Starting Servlet engine: [Apache Tomcat/9.0.26]
19-10-2019 00:03:00.355 [main] INFO  o.a.c.c.C.[Tomcat].[localhost].[/].log - Initializing Spring embedded WebApplicationContext
19-10-2019 00:03:01.209 [main] INFO  s.d.s.w.PropertySourcedRequestMappingHandlerMapping.initHandlerMethods - Mapped URL path [/v2/api-docs] onto method [public org.springframework.http.ResponseEntity<springfox.documentation.spring.web.json.Json> springfox.documentation.swagger2.web.Swagger2Controller.getDocumentation(java.lang.String,javax.servlet.http.HttpServletRequest)]
19-10-2019 00:03:01.476 [main] INFO  o.s.s.c.ThreadPoolTaskExecutor.initialize - Initializing ExecutorService 'applicationTaskExecutor'
19-10-2019 00:03:01.825 [main] INFO  s.d.s.w.p.DocumentationPluginsBootstrapper.start - Context refreshed
19-10-2019 00:03:01.872 [main] INFO  s.d.s.w.p.DocumentationPluginsBootstrapper.start - Found 1 custom documentation plugin(s)
19-10-2019 00:03:01.957 [main] INFO  s.d.s.w.s.ApiListingReferenceScanner.scan - Scanning for api listing references
19-10-2019 00:03:02.301 [main] INFO  o.s.b.w.e.tomcat.TomcatWebServer.start - Tomcat started on port(s): 8080 (http) with context path ''
19-10-2019 00:03:02.309 [main] INFO  c.t.task.SecretSantaApplication.logStarted - Started SecretSantaApplication in 6.187 seconds (JVM running for 7.742)
19-10-2019 00:03:40.574 [RMI TCP Connection(3)-127.0.0.1] INFO  o.s.b.a.SpringApplicationAdminMXBeanRegistrar$SpringApplicationAdmin.shutdown - Application shutdown requested.
19-10-2019 00:03:40.593 [RMI TCP Connection(3)-127.0.0.1] INFO  o.s.s.c.ThreadPoolTaskExecutor.shutdown - Shutting down ExecutorService 'applicationTaskExecutor'
19-10-2019 11:45:53.592 [main] INFO  c.t.task.SecretSantaApplication.logStarting - Starting SecretSantaApplication on TusharG-PC with PID 7096 (C:\Users\TusharG\Desktop\WS_Spring\SecretSanta\target\classes started by TusharG in C:\Users\TusharG\Desktop\WS_Spring\SecretSanta)
19-10-2019 11:45:53.604 [main] INFO  c.t.task.SecretSantaApplication.logStartupProfileInfo - No active profile set, falling back to default profiles: default
19-10-2019 11:45:56.614 [main] INFO  o.s.b.w.e.tomcat.TomcatWebServer.initialize - Tomcat initialized with port(s): 8080 (http)
19-10-2019 11:45:56.678 [main] INFO  o.a.catalina.core.StandardService.log - Starting service [Tomcat]
19-10-2019 11:45:56.679 [main] INFO  o.a.catalina.core.StandardEngine.log - Starting Servlet engine: [Apache Tomcat/9.0.26]
19-10-2019 11:45:56.997 [main] INFO  o.a.c.c.C.[Tomcat].[localhost].[/].log - Initializing Spring embedded WebApplicationContext
19-10-2019 11:45:57.996 [main] INFO  s.d.s.w.PropertySourcedRequestMappingHandlerMapping.initHandlerMethods - Mapped URL path [/v2/api-docs] onto method [public org.springframework.http.ResponseEntity<springfox.documentation.spring.web.json.Json> springfox.documentation.swagger2.web.Swagger2Controller.getDocumentation(java.lang.String,javax.servlet.http.HttpServletRequest)]
19-10-2019 11:45:58.293 [main] INFO  o.s.s.c.ThreadPoolTaskExecutor.initialize - Initializing ExecutorService 'applicationTaskExecutor'
19-10-2019 11:45:58.621 [main] INFO  s.d.s.w.p.DocumentationPluginsBootstrapper.start - Context refreshed
19-10-2019 11:45:58.668 [main] INFO  s.d.s.w.p.DocumentationPluginsBootstrapper.start - Found 1 custom documentation plugin(s)
19-10-2019 11:45:58.759 [main] INFO  s.d.s.w.s.ApiListingReferenceScanner.scan - Scanning for api listing references
19-10-2019 11:45:59.168 [main] INFO  o.s.b.w.e.tomcat.TomcatWebServer.start - Tomcat started on port(s): 8080 (http) with context path ''
19-10-2019 11:45:59.180 [main] INFO  c.t.task.SecretSantaApplication.logStarted - Started SecretSantaApplication in 6.594 seconds (JVM running for 8.463)
19-10-2019 11:52:29.469 [http-nio-8080-exec-1] INFO  o.a.c.c.C.[Tomcat].[localhost].[/].log - Initializing Spring DispatcherServlet 'dispatcherServlet'
19-10-2019 12:11:27.829 [RMI TCP Connection(55)-127.0.0.1] INFO  o.s.b.a.SpringApplicationAdminMXBeanRegistrar$SpringApplicationAdmin.shutdown - Application shutdown requested.
19-10-2019 12:11:27.839 [RMI TCP Connection(55)-127.0.0.1] INFO  o.s.s.c.ThreadPoolTaskExecutor.shutdown - Shutting down ExecutorService 'applicationTaskExecutor'
